<?xml version="1.0" encoding="UTF-8"?>
<!-- Generated by org.testng.reporters.JUnitXMLReporter -->
<testsuite hostname="hansen-wang" ignored="2" name="Default test" tests="1" failures="0" timestamp="10 十一月 2017 11:13:44 GMT" time="0.488" errors="0">
  <testcase name="testCreatePath" time="0.272" classname="com.datacanal.common.util.ZkUtilTest"/>
  <testcase name="test" time="0.0" classname="com.datacanal.common.util.ZkUtilTest">
    <ignored/>
  </testcase> <!-- test -->
  <testcase name="testExecCmd" time="0.0" classname="com.datacanal.common.util.ZkUtilTest">
    <ignored/>
  </testcase> <!-- testExecCmd -->
</testsuite> <!-- Default test -->
