<?xml version="1.0" encoding="UTF-8"?>
<!-- Generated by org.testng.reporters.JUnitXMLReporter -->
<testsuite hostname="hansen-wang" ignored="3" name="Default test" tests="1" failures="0" timestamp="14 十一月 2017 08:39:05 GMT" time="0.279" errors="0">
  <testcase name="testModifyData" time="0.066" classname="com.datacanal.common.util.ZkUtilTest"/>
  <testcase name="test" time="0.0" classname="com.datacanal.common.util.ZkUtilTest">
    <ignored/>
  </testcase> <!-- test -->
  <testcase name="testExecCmd" time="0.0" classname="com.datacanal.common.util.ZkUtilTest">
    <ignored/>
  </testcase> <!-- testExecCmd -->
  <testcase name="testCreatePath" time="0.0" classname="com.datacanal.common.util.ZkUtilTest">
    <ignored/>
  </testcase> <!-- testCreatePath -->
</testsuite> <!-- Default test -->
