<?xml version="1.0" encoding="UTF-8"?>
<testng-results skipped="0" failed="0" ignored="0" total="1" passed="1">
  <reporter-output>
  </reporter-output>
  <suite name="Default suite" duration-ms="346" started-at="2017-11-02T02:38:52Z" finished-at="2017-11-02T02:38:53Z">
    <groups>
    </groups>
    <test name="Default test" duration-ms="346" started-at="2017-11-02T02:38:52Z" finished-at="2017-11-02T02:38:53Z">
      <class name="com.datacanal.common.util.ZkUtilTest">
        <test-method status="PASS" signature="setupENV()[pri:0, instance:com.datacanal.common.util.ZkUtilTest@78031613]" name="setupENV" is-config="true" duration-ms="178" started-at="2017-11-02T10:38:52Z" finished-at="2017-11-02T10:38:53Z">
          <reporter-output>
          </reporter-output>
        </test-method> <!-- setupENV -->
        <test-method status="PASS" signature="testCreatePath()[pri:0, instance:com.datacanal.common.util.ZkUtilTest@78031613]" name="testCreatePath" duration-ms="147" started-at="2017-11-02T10:38:53Z" finished-at="2017-11-02T10:38:53Z">
          <reporter-output>
          </reporter-output>
        </test-method> <!-- testCreatePath -->
      </class> <!-- com.datacanal.common.util.ZkUtilTest -->
    </test> <!-- Default test -->
  </suite> <!-- Default suite -->
</testng-results>
